<?xml version="1.0" encoding="UTF-8"?>
<!-- Generated by org.testng.reporters.JUnitXMLReporter -->
<testsuite ignored="0" hostname="Dhairya" failures="5" tests="5" name="ChromeTest" time="0.215" errors="0" timestamp="2024-03-11T17:21:20 IST">
  <testcase classname="com.mysauce.testcases.BaseClass" name="@AfterClass tearDown" time="0.002">
    <failure type="java.lang.NullPointerException" message="Cannot invoke &amp;quot;org.openqa.selenium.WebDriver.close()&amp;quot; because &amp;quot;com.mysauce.testcases.BaseClass.driver&amp;quot; is null">
      <![CDATA[java.lang.NullPointerException: Cannot invoke "org.openqa.selenium.WebDriver.close()" because "com.mysauce.testcases.BaseClass.driver" is null
at com.mysauce.testcases.BaseClass.tearDown(BaseClass.java:48)
at java.base/java.util.ArrayList.forEach(ArrayList.java:1596)
... Removed 24 stack frames]]>
    </failure>
  </testcase> <!-- @AfterClass tearDown -->
  <testcase classname="com.mysauce.testcases.TClogin" name="verifyvalidlogintest" time="0.026">
    <failure type="java.lang.NullPointerException" message="Cannot invoke &amp;quot;org.openqa.selenium.WebDriver.get(String)&amp;quot; because &amp;quot;com.mysauce.testcases.TClogin.driver&amp;quot; is null">
      <![CDATA[java.lang.NullPointerException: Cannot invoke "org.openqa.selenium.WebDriver.get(String)" because "com.mysauce.testcases.TClogin.driver" is null
at com.mysauce.testcases.TClogin.verifyvalidlogintest(TClogin.java:17)
at java.base/java.util.ArrayList.forEach(ArrayList.java:1596)
... Removed 25 stack frames]]>
    </failure>
  </testcase> <!-- verifyvalidlogintest -->
  <testcase classname="com.mysauce.testcases.TClogin" name="verifylockedoutusertest" time="0.004">
    <failure type="java.lang.NullPointerException" message="Cannot invoke &amp;quot;org.openqa.selenium.WebDriver.get(String)&amp;quot; because &amp;quot;com.mysauce.testcases.TClogin.driver&amp;quot; is null">
      <![CDATA[java.lang.NullPointerException: Cannot invoke "org.openqa.selenium.WebDriver.get(String)" because "com.mysauce.testcases.TClogin.driver" is null
at com.mysauce.testcases.TClogin.verifylockedoutusertest(TClogin.java:40)
at java.base/java.util.ArrayList.forEach(ArrayList.java:1596)
... Removed 25 stack frames]]>
    </failure>
  </testcase> <!-- verifylockedoutusertest -->
  <testcase classname="com.mysauce.testcases.TClogin" name="verifyinvalidcredentailtest" time="0.004">
    <failure type="java.lang.NullPointerException" message="Cannot invoke &amp;quot;org.openqa.selenium.WebDriver.get(String)&amp;quot; because &amp;quot;com.mysauce.testcases.TClogin.driver&amp;quot; is null">
      <![CDATA[java.lang.NullPointerException: Cannot invoke "org.openqa.selenium.WebDriver.get(String)" because "com.mysauce.testcases.TClogin.driver" is null
at com.mysauce.testcases.TClogin.verifyinvalidcredentailtest(TClogin.java:62)
at java.base/java.util.ArrayList.forEach(ArrayList.java:1596)
... Removed 25 stack frames]]>
    </failure>
  </testcase> <!-- verifyinvalidcredentailtest -->
  <testcase classname="com.mysauce.testcases.TClogin" name="verifyusernamerequiredtest" time="0.004">
    <failure type="java.lang.NullPointerException" message="Cannot invoke &amp;quot;org.openqa.selenium.WebDriver.get(String)&amp;quot; because &amp;quot;com.mysauce.testcases.TClogin.driver&amp;quot; is null">
      <![CDATA[java.lang.NullPointerException: Cannot invoke "org.openqa.selenium.WebDriver.get(String)" because "com.mysauce.testcases.TClogin.driver" is null
at com.mysauce.testcases.TClogin.verifyusernamerequiredtest(TClogin.java:84)
at java.base/java.util.ArrayList.forEach(ArrayList.java:1596)
... Removed 25 stack frames]]>
    </failure>
  </testcase> <!-- verifyusernamerequiredtest -->
  <testcase classname="com.mysauce.testcases.TClogin" name="verifypasswordrequiredtest" time="0.004">
    <failure type="java.lang.NullPointerException" message="Cannot invoke &amp;quot;org.openqa.selenium.WebDriver.get(String)&amp;quot; because &amp;quot;com.mysauce.testcases.TClogin.driver&amp;quot; is null">
      <![CDATA[java.lang.NullPointerException: Cannot invoke "org.openqa.selenium.WebDriver.get(String)" because "com.mysauce.testcases.TClogin.driver" is null
at com.mysauce.testcases.TClogin.verifypasswordrequiredtest(TClogin.java:104)
at java.base/java.util.ArrayList.forEach(ArrayList.java:1596)
... Removed 25 stack frames]]>
    </failure>
  </testcase> <!-- verifypasswordrequiredtest -->
</testsuite> <!-- ChromeTest -->
